mode: set
github.com/ramamimu/go-everything/2-mockery/mock/repository_product_mock.go:26.79,30.2 3 1
github.com/ramamimu/go-everything/2-mockery/mock/repository_product_mock.go:33.77,35.2 1 1
github.com/ramamimu/go-everything/2-mockery/mock/repository_product_mock.go:38.117,43.2 4 1
github.com/ramamimu/go-everything/2-mockery/mock/repository_product_mock.go:46.113,49.2 2 1
github.com/ramamimu/go-everything/2-mockery/product/product.go:13.47,17.2 1 1
github.com/ramamimu/go-everything/2-mockery/product/product.go:19.106,22.16 2 1
github.com/ramamimu/go-everything/2-mockery/product/product.go:22.16,24.3 1 1
github.com/ramamimu/go-everything/2-mockery/product/product.go:26.2,26.12 1 1
github.com/ramamimu/go-everything/1-testable-code/interface-implementation/shape2d.go:17.34,19.2 1 1
github.com/ramamimu/go-everything/1-testable-code/interface-implementation/shape2d.go:21.38,23.2 1 1
github.com/ramamimu/go-everything/1-testable-code/interface-implementation/shape2d.go:25.64,30.2 1 1
github.com/ramamimu/go-everything/1-testable-code/interface-implementation/shape2d.go:41.32,43.2 1 1
github.com/ramamimu/go-everything/1-testable-code/interface-implementation/shape2d.go:45.34,47.2 1 1
github.com/ramamimu/go-everything/1-testable-code/interface-implementation/shape2d.go:49.45,53.2 1 1
github.com/ramamimu/go-everything/1-testable-code/interface-implementation/shape2d.go:65.35,67.2 1 1
github.com/ramamimu/go-everything/1-testable-code/interface-implementation/shape2d.go:69.40,71.2 1 1
github.com/ramamimu/go-everything/1-testable-code/interface-implementation/shape2d.go:73.66,78.2 1 1
github.com/ramamimu/go-everything/1-testable-code/interface-implementation/shape3d.go:12.39,16.2 1 1
github.com/ramamimu/go-everything/1-testable-code/interface-implementation/shape3d.go:18.37,20.2 1 1
github.com/ramamimu/go-everything/1-testable-code/interface-implementation/shape3d.go:27.85,32.2 1 1
github.com/ramamimu/go-everything/1-testable-code/interface-implementation/shape3d.go:34.48,36.40 2 1
github.com/ramamimu/go-everything/1-testable-code/interface-implementation/shape3d.go:36.40,38.3 1 1
github.com/ramamimu/go-everything/1-testable-code/interface-implementation/shape3d.go:40.2,40.42 1 1
github.com/ramamimu/go-everything/1-testable-code/interface-implementation/shape3d.go:40.42,42.3 1 1
github.com/ramamimu/go-everything/1-testable-code/interface-implementation/shape3d.go:44.2,44.18 1 1
github.com/ramamimu/go-everything/2-mockery/mock/repository_product_mock.go:26.79,30.2 3 0
github.com/ramamimu/go-everything/2-mockery/mock/repository_product_mock.go:33.77,35.2 1 0
github.com/ramamimu/go-everything/2-mockery/mock/repository_product_mock.go:38.117,43.2 4 0
github.com/ramamimu/go-everything/2-mockery/mock/repository_product_mock.go:46.113,49.2 2 0
github.com/ramamimu/go-everything/2-mockery/repository/cache.go:15.40,19.2 1 1
github.com/ramamimu/go-everything/2-mockery/repository/cache.go:21.100,31.16 4 1
github.com/ramamimu/go-everything/2-mockery/repository/cache.go:31.16,33.3 1 1
github.com/ramamimu/go-everything/2-mockery/repository/cache.go:35.2,35.12 1 1
